Time: 61360 sec.	INFO: Recognized: car on current line 	Rects: 0,0,100,100	
Time: 61378 sec.	INFO: Recognized: car on current line 	Rects: 0,0,100,100	
Time: 61518 sec.	INFO: Recognized: car on current line 	Rects: 0,0,100,100	
Time: 61567 sec.	INFO: Recognized: car on current line 	Rects: 0,0,100,100	
Time: 61611 sec.	INFO: Recognized: traffic light red	Rects: 0,0,100,100	
Time: 61640 sec.	INFO: Recognized: traffic light red	Rects: 0,0,100,100	
Time: 61666 sec.	INFO: Recognized: traffic light orange	Rects: 0,0,100,100	
Time: 61678 sec.	INFO: Recognized: car on current line	Rects: 0,0,100,100	
Time: 61683 sec.	INFO: Recognized: car on current line	Rects: 0,0,100,100	
Time: 61716 sec.	INFO: Recognized: traffic light green	Rects: 0,0,100,100	
Time: 61721 sec.	INFO: Recognized: car on current line	Rects: 0,0,100,100	
Time: 61730 sec.	INFO: Recognized: car on current line	Rects: 0,0,100,100	
Time: 61744 sec.	INFO: Recognized: car on current line	Rects: 0,0,100,100	
Time: 61756 sec.	INFO: Recognized: traffic light green	Rects: 0,0,100,100	
Time: 61772 sec.	INFO: Recognized: traffic light green	Rects: 0,0,100,100	
Time: 61835 sec.	INFO: Recognized: humans		Rects: 0,0,100,100	
Time: 61849 sec.	INFO: Recognized: humans		Rects: 0,0,100,100	
Time: 61861 sec.	INFO: Recognized: humans		Rects: 0,0,100,100	
Time: 61870 sec.	INFO: Recognized: humans		Rects: 0,0,100,100	
Time: 62426 sec.	INFO: Recognized: car on current line	Rects: 0,0,100,100	
Time: 62436 sec.	INFO: Recognized: humans		Rects: 0,0,100,100	
Time: 62463 sec.	INFO: Recognized: traffic light green	Rects: 0,0,100,100	
Time: 62473 sec.	INFO: Recognized: humans		Rects: 0,0,100,100	
Time: 62481 sec.	INFO: Recognized: humans		Rects: 0,0,100,100	
Time: 63688 sec.	INFO: Recognized: traffic light green	Rects: 0,0,100,100	
Time: 63710 sec.	INFO: Recognized: car on current line	Rects: 0,0,100,100	
Time: 63738 sec.	INFO: Recognized: bike on current line	Rects: 0,0,100,100	
Time: 63762 sec.	INFO: Recognized: car on current line	Rects: 0,0,100,100	